-------------------------------------------------------------------------------
Test set: edu.dalhousie.business.events.controller.cost.EventCostTest
-------------------------------------------------------------------------------
Tests run: 1, Failures: 0, Errors: 1, Skipped: 0, Time elapsed: 0 s <<< FAILURE! - in edu.dalhousie.business.events.controller.cost.EventCostTest
edu.dalhousie.business.events.controller.cost.EventCostTest  Time elapsed: 0 s  <<< ERROR!
java.lang.NoClassDefFoundError: Could not initialize class org.mockito.internal.creation.cglib.ClassImposterizer$3
	at edu.dalhousie.business.events.controller.cost.EventCostTest.setUp(EventCostTest.java:15)

