-------------------------------------------------------------------------------
Test set: edu.dalhousie.business.events.model.event.EventNotificationTest
-------------------------------------------------------------------------------
Tests run: 1, Failures: 0, Errors: 1, Skipped: 0, Time elapsed: 0 s <<< FAILURE! - in edu.dalhousie.business.events.model.event.EventNotificationTest
edu.dalhousie.business.events.model.event.EventNotificationTest  Time elapsed: 0 s  <<< ERROR!
java.lang.NoClassDefFoundError: Could not initialize class org.mockito.internal.creation.cglib.ClassImposterizer$3
	at edu.dalhousie.business.events.model.event.EventNotificationTest.setUp(EventNotificationTest.java:16)

