-------------------------------------------------------------------------------
Test set: edu.dalhousie.business.gpaCalculator.controller.GPACalculatorTest
-------------------------------------------------------------------------------
Tests run: 1, Failures: 0, Errors: 1, Skipped: 0, Time elapsed: 0.012 s <<< FAILURE! - in edu.dalhousie.business.gpaCalculator.controller.GPACalculatorTest
testGPACalculator  Time elapsed: 0.01 s  <<< ERROR!
java.lang.NoSuchFieldException: view
	at edu.dalhousie.business.gpaCalculator.controller.GPACalculatorTest.init(GPACalculatorTest.java:17)

