-------------------------------------------------------------------------------
Test set: edu.dalhousie.business.events.controller.email.CollegeEmailTest
-------------------------------------------------------------------------------
Tests run: 1, Failures: 0, Errors: 1, Skipped: 0, Time elapsed: 0 s <<< FAILURE! - in edu.dalhousie.business.events.controller.email.CollegeEmailTest
edu.dalhousie.business.events.controller.email.CollegeEmailTest  Time elapsed: 0 s  <<< ERROR!
java.lang.NoClassDefFoundError: Could not initialize class org.mockito.internal.creation.cglib.ClassImposterizer$3
	at edu.dalhousie.business.events.controller.email.CollegeEmailTest.setUp(CollegeEmailTest.java:15)

