-------------------------------------------------------------------------------
Test set: edu.dalhousie.business.events.model.university.UniversityDetailsTest
-------------------------------------------------------------------------------
Tests run: 1, Failures: 0, Errors: 1, Skipped: 0, Time elapsed: 0.001 s <<< FAILURE! - in edu.dalhousie.business.events.model.university.UniversityDetailsTest
edu.dalhousie.business.events.model.university.UniversityDetailsTest  Time elapsed: 0.001 s  <<< ERROR!
java.lang.NoClassDefFoundError: Could not initialize class org.mockito.internal.creation.cglib.ClassImposterizer$3
	at edu.dalhousie.business.events.model.university.UniversityDetailsTest.setUp(UniversityDetailsTest.java:15)

