-------------------------------------------------------------------------------
Test set: edu.dalhousie.business.dalmembership.controller.menu.MenuTest
-------------------------------------------------------------------------------
Tests run: 1, Failures: 0, Errors: 1, Skipped: 0, Time elapsed: 0.005 s <<< FAILURE! - in edu.dalhousie.business.dalmembership.controller.menu.MenuTest
edu.dalhousie.business.dalmembership.controller.menu.MenuTest  Time elapsed: 0.005 s  <<< ERROR!
java.lang.NoClassDefFoundError: Could not initialize class org.mockito.internal.creation.cglib.ClassImposterizer$3
	at edu.dalhousie.business.dalmembership.controller.menu.MenuTest.setUp(MenuTest.java:15)

