-------------------------------------------------------------------------------
Test set: edu.dalhousie.business.tender.controller.TenderTest
-------------------------------------------------------------------------------
Tests run: 1, Failures: 0, Errors: 1, Skipped: 0, Time elapsed: 0.001 s <<< FAILURE! - in edu.dalhousie.business.tender.controller.TenderTest
edu.dalhousie.business.tender.controller.TenderTest  Time elapsed: 0.001 s  <<< ERROR!
java.lang.NoClassDefFoundError: Could not initialize class org.mockito.internal.creation.cglib.ClassImposterizer$3
	at edu.dalhousie.business.tender.controller.TenderTest.setUp(TenderTest.java:30)

