-------------------------------------------------------------------------------
Test set: edu.dalhousie.business.events.controller.state.StateAtEndTest
-------------------------------------------------------------------------------
Tests run: 1, Failures: 0, Errors: 1, Skipped: 0, Time elapsed: 0.004 s <<< FAILURE! - in edu.dalhousie.business.events.controller.state.StateAtEndTest
edu.dalhousie.business.events.controller.state.StateAtEndTest  Time elapsed: 0.004 s  <<< ERROR!
java.lang.NoClassDefFoundError: Could not initialize class org.mockito.internal.creation.cglib.ClassImposterizer$3
	at edu.dalhousie.business.events.controller.state.StateAtEndTest.setUp(StateAtEndTest.java:16)

