-------------------------------------------------------------------------------
Test set: edu.dalhousie.business.dalmembership.controller.services.ServicesTest
-------------------------------------------------------------------------------
Tests run: 1, Failures: 0, Errors: 1, Skipped: 0, Time elapsed: 0.003 s <<< FAILURE! - in edu.dalhousie.business.dalmembership.controller.services.ServicesTest
edu.dalhousie.business.dalmembership.controller.services.ServicesTest  Time elapsed: 0.003 s  <<< ERROR!
java.lang.NoClassDefFoundError: Could not initialize class org.mockito.internal.creation.cglib.ClassImposterizer$3
	at edu.dalhousie.business.dalmembership.controller.services.ServicesTest.setUp(ServicesTest.java:15)

