-------------------------------------------------------------------------------
Test set: edu.dalhousie.business.tender.controller.TenderComparatorTest
-------------------------------------------------------------------------------
Tests run: 1, Failures: 0, Errors: 1, Skipped: 0, Time elapsed: 0.001 s <<< FAILURE! - in edu.dalhousie.business.tender.controller.TenderComparatorTest
edu.dalhousie.business.tender.controller.TenderComparatorTest  Time elapsed: 0.001 s  <<< ERROR!
java.lang.NoClassDefFoundError: Could not initialize class org.mockito.internal.creation.cglib.ClassImposterizer$3
	at edu.dalhousie.business.tender.controller.TenderComparatorTest.setUp(TenderComparatorTest.java:23)

