-------------------------------------------------------------------------------
Test set: edu.dalhousie.business.events.controller.state.StateAtStartTest
-------------------------------------------------------------------------------
Tests run: 1, Failures: 0, Errors: 1, Skipped: 0, Time elapsed: 0.002 s <<< FAILURE! - in edu.dalhousie.business.events.controller.state.StateAtStartTest
edu.dalhousie.business.events.controller.state.StateAtStartTest  Time elapsed: 0.002 s  <<< ERROR!
java.lang.NoClassDefFoundError: Could not initialize class org.mockito.internal.creation.cglib.ClassImposterizer$3
	at edu.dalhousie.business.events.controller.state.StateAtStartTest.setUp(StateAtStartTest.java:16)

