-------------------------------------------------------------------------------
Test set: edu.dalhousie.business.payment.controller.FullPayment.FullPaymentTest
-------------------------------------------------------------------------------
Tests run: 1, Failures: 0, Errors: 1, Skipped: 0, Time elapsed: 0 s <<< FAILURE! - in edu.dalhousie.business.payment.controller.FullPayment.FullPaymentTest
edu.dalhousie.business.payment.controller.FullPayment.FullPaymentTest  Time elapsed: 0 s  <<< ERROR!
java.lang.NoClassDefFoundError: Could not initialize class org.mockito.internal.creation.cglib.ClassImposterizer$3
	at edu.dalhousie.business.payment.controller.FullPayment.FullPaymentTest.setUp(FullPaymentTest.java:17)

