-------------------------------------------------------------------------------
Test set: edu.dalhousie.business.payment.controller.EMIPayment.EMIPaymentPlansTest
-------------------------------------------------------------------------------
Tests run: 1, Failures: 0, Errors: 1, Skipped: 0, Time elapsed: 0 s <<< FAILURE! - in edu.dalhousie.business.payment.controller.EMIPayment.EMIPaymentPlansTest
edu.dalhousie.business.payment.controller.EMIPayment.EMIPaymentPlansTest  Time elapsed: 0 s  <<< ERROR!
java.lang.NoClassDefFoundError: Could not initialize class org.mockito.internal.creation.cglib.ClassImposterizer$3
	at edu.dalhousie.business.payment.controller.EMIPayment.EMIPaymentPlansTest.setUp(EMIPaymentPlansTest.java:15)

